Determining if the pthread_create exist failed with the following output:
Change Dir: /home/ashwin/Academics/enpm_808x/git_cloned/enpm808x_pid_controller/build/CMakeFiles/CMakeTmp

Run Build Command:"/usr/bin/make" "cmTC_55dec/fast"
/usr/bin/make -f CMakeFiles/cmTC_55dec.dir/build.make CMakeFiles/cmTC_55dec.dir/build
make[1]: Entering directory '/home/ashwin/Academics/enpm_808x/git_cloned/enpm808x_pid_controller/build/CMakeFiles/CMakeTmp'
Building C object CMakeFiles/cmTC_55dec.dir/CheckSymbolExists.c.o
/usr/bin/cc    -g -O0 -fprofile-arcs -ftest-coverage    -o CMakeFiles/cmTC_55dec.dir/CheckSymbolExists.c.o   -c /home/ashwin/Academics/enpm_808x/git_cloned/enpm808x_pid_controller/build/CMakeFiles/CMakeTmp/CheckSymbolExists.c
Linking C executable cmTC_55dec
/usr/bin/cmake -E cmake_link_script CMakeFiles/cmTC_55dec.dir/link.txt --verbose=1
/usr/bin/cc  -g -O0 -fprofile-arcs -ftest-coverage     CMakeFiles/cmTC_55dec.dir/CheckSymbolExists.c.o  -o cmTC_55dec -rdynamic 
CMakeFiles/cmTC_55dec.dir/CheckSymbolExists.c.o: In function `main':
/home/ashwin/Academics/enpm_808x/git_cloned/enpm808x_pid_controller/build/CMakeFiles/CMakeTmp/CheckSymbolExists.c:8: undefined reference to `pthread_create'
collect2: error: ld returned 1 exit status
CMakeFiles/cmTC_55dec.dir/build.make:97: recipe for target 'cmTC_55dec' failed
make[1]: *** [cmTC_55dec] Error 1
make[1]: Leaving directory '/home/ashwin/Academics/enpm_808x/git_cloned/enpm808x_pid_controller/build/CMakeFiles/CMakeTmp'
Makefile:126: recipe for target 'cmTC_55dec/fast' failed
make: *** [cmTC_55dec/fast] Error 2

File /home/ashwin/Academics/enpm_808x/git_cloned/enpm808x_pid_controller/build/CMakeFiles/CMakeTmp/CheckSymbolExists.c:
/* */
#include <pthread.h>

int main(int argc, char** argv)
{
  (void)argv;
#ifndef pthread_create
  return ((int*)(&pthread_create))[argc];
#else
  (void)argc;
  return 0;
#endif
}

Determining if the function pthread_create exists in the pthreads failed with the following output:
Change Dir: /home/ashwin/Academics/enpm_808x/git_cloned/enpm808x_pid_controller/build/CMakeFiles/CMakeTmp

Run Build Command:"/usr/bin/make" "cmTC_3b6f8/fast"
/usr/bin/make -f CMakeFiles/cmTC_3b6f8.dir/build.make CMakeFiles/cmTC_3b6f8.dir/build
make[1]: Entering directory '/home/ashwin/Academics/enpm_808x/git_cloned/enpm808x_pid_controller/build/CMakeFiles/CMakeTmp'
Building C object CMakeFiles/cmTC_3b6f8.dir/CheckFunctionExists.c.o
/usr/bin/cc    -g -O0 -fprofile-arcs -ftest-coverage -DCHECK_FUNCTION_EXISTS=pthread_create   -o CMakeFiles/cmTC_3b6f8.dir/CheckFunctionExists.c.o   -c /usr/share/cmake-3.5/Modules/CheckFunctionExists.c
Linking C executable cmTC_3b6f8
/usr/bin/cmake -E cmake_link_script CMakeFiles/cmTC_3b6f8.dir/link.txt --verbose=1
/usr/bin/cc  -g -O0 -fprofile-arcs -ftest-coverage -DCHECK_FUNCTION_EXISTS=pthread_create    CMakeFiles/cmTC_3b6f8.dir/CheckFunctionExists.c.o  -o cmTC_3b6f8 -rdynamic -lpthreads 
/usr/bin/ld: cannot find -lpthreads
collect2: error: ld returned 1 exit status
CMakeFiles/cmTC_3b6f8.dir/build.make:97: recipe for target 'cmTC_3b6f8' failed
make[1]: *** [cmTC_3b6f8] Error 1
make[1]: Leaving directory '/home/ashwin/Academics/enpm_808x/git_cloned/enpm808x_pid_controller/build/CMakeFiles/CMakeTmp'
Makefile:126: recipe for target 'cmTC_3b6f8/fast' failed
make: *** [cmTC_3b6f8/fast] Error 2


